90.6489 	WARNING 	User requested fullscreen with size [1536  864], but screen is actually [1920, 1080]. Using actual size
92.4045 	EXP 	Created window1 = Window(allowGUI=True, allowStencil=False, autoLog=True, backendConf=UNKNOWN, backgroundFit=<method-wrapper '__getattribute__' of attributeSetter object at 0x0000018D058858E0>, backgroundImage=<method-wrapper '__getattribute__' of attributeSetter object at 0x0000018D05885880>, bitsMode=UNKNOWN, blendMode='avg', bpc=(8, 8, 8), color=array([0, 0, 0]), colorSpace='rgb', depthBits=8, fullscr=<method-wrapper '__getattribute__' of attributeSetter object at 0x0000018D058856D0>, gamma=None, gammaErrorPolicy='raise', infoMsg=UNKNOWN, lms=UNKNOWN, monitor=<psychopy.monitors.calibTools.Monitor object at 0x0000018D12E8B880>, multiSample=False, name='window1', numSamples=2, pos=(0, 0), screen=0, size=array([1920, 1080]), stencilBits=0, stereo=False, title='PsychoPy', units='height', useFBO=True, useRetina=False, viewOri=0.0, viewPos=None, viewScale=None, waitBlanking=True, winType='pyglet')
92.4047 	EXP 	window1: mouseVisible = True
92.4047 	EXP 	window1: backgroundImage = None
92.4047 	EXP 	window1: backgroundFit = 'cover'
92.4050 	EXP 	window1: mouseVisible = False
92.4097 	EXP 	window1: Attempting to measure frame rate of screen (0) ...
92.4098 	EXP 	window1: recordFrameIntervals = False
92.5874 	EXP 	window1: recordFrameIntervals = True
92.7718 	EXP 	Screen (0) actual frame rate measured at 59.92Hz
92.7719 	EXP 	window1: recordFrameIntervals = False
101.1684 	EXP 	window1: mouseVisible = True
102.1776 	EXP 	Created text_2 = TextStim(__class__=<class 'psychopy.visual.text.TextStim'>, alignHoriz=method-wrapper(...), alignText='center', alignVert=method-wrapper(...), anchorHoriz='center', anchorVert='center', antialias=True, autoDraw=False, autoLog=True, bold=False, color=array([1., 1., 1.]), colorSpace='rgb', contrast=1.0, depth=0.0, draggable=False, flipHoriz=False, flipVert=False, font='Open Sans', fontFiles=[], height=0.05, italic=False, languageStyle='LTR', name='text_2', opacity=1.0, ori=0.0, pos=array([0., 0.]), rgb=UNKNOWN, text='Press spacebar to start the experiment\n\n', units='height', win=Window(...), wrapWidth=1)
102.1780 	EXP 	window1: mouseVisible = True
102.2129 	EXP 	Created GA = GratingStim(__class__=<class 'psychopy.visual.grating.GratingStim'>, anchor='center', autoDraw=False, autoLog=True, blendmode='avg', color=array([1., 1., 1.]), colorSpace='rgb', contrast=1.0, depth=-2.0, draggable=False, interpolate=True, mask='sqr', maskParams=None, name='GA', opacity=1.0, ori=0.0, phase=array([0., 0.]), pos=array([0., 0.]), rgbPedestal=array([0., 0., 0.]), sf=array([1., 1.]), size=array([128.,  32.]), tex='sqr', texRes=512.0, units='deg', win=Window(...))
102.2131 	EXP 	window1: mouseVisible = True
102.2583 	EXP 	Created GA = GratingStim(__class__=<class 'psychopy.visual.grating.GratingStim'>, anchor='center', autoDraw=False, autoLog=True, blendmode='avg', color=array([1., 1., 1.]), colorSpace='rgb', contrast=1.0, depth=-2.0, draggable=False, interpolate=True, mask='sqr', maskParams=None, name='GA', opacity=1.0, ori=0.0, phase=array([0.5, 0.5]), pos=array([0., 0.]), rgbPedestal=array([0., 0., 0.]), sf=array([1., 1.]), size=array([32., 16.]), tex='sqr', texRes=512.0, units='deg', win=Window(...))
102.2586 	EXP 	window1: mouseVisible = True
102.2620 	EXP 	Created text_3 = TextStim(__class__=<class 'psychopy.visual.text.TextStim'>, alignHoriz=method-wrapper(...), alignText='center', alignVert=method-wrapper(...), anchorHoriz='center', anchorVert='center', antialias=True, autoDraw=False, autoLog=True, bold=False, color=array([1., 1., 1.]), colorSpace='rgb', contrast=1.0, depth=-4.0, draggable=False, flipHoriz=False, flipVert=False, font='Open Sans', fontFiles=[], height=0.05, italic=False, languageStyle='LTR', name='text_3', opacity=1.0, ori=0.0, pos=array([0.   , 0.125]), rgb=UNKNOWN, text='', units='height', win=Window(...), wrapWidth=1)
102.2623 	EXP 	window1: mouseVisible = True
102.2653 	EXP 	Created text_4 = TextStim(__class__=<class 'psychopy.visual.text.TextStim'>, alignHoriz=method-wrapper(...), alignText='center', alignVert=method-wrapper(...), anchorHoriz='center', anchorVert='center', antialias=True, autoDraw=False, autoLog=True, bold=False, color=array([1., 1., 1.]), colorSpace='rgb', contrast=1.0, depth=-3.0, draggable=False, flipHoriz=False, flipVert=False, font='Open Sans', fontFiles=[], height=0.05, italic=False, languageStyle='LTR', name='text_4', opacity=1.0, ori=0.0, pos=array([0.   , 0.125]), rgb=UNKNOWN, text='', units='height', win=Window(...), wrapWidth=1)
102.2656 	EXP 	window1: mouseVisible = True
102.2740 	EXP 	Created polygon_3 = ShapeStim(__class__=<class 'psychopy.visual.shape.ShapeStim'>, anchor=('center', 'center'), autoDraw=False, autoLog=True, closeShape=True, color=method-wrapper(...), colorSpace='rgb', contrast=None, depth=0.0, draggable=False, fillColor=array([0., 0., 0.]), fillColorSpace='rgb', fillRGB=array([0., 0., 0.]), interpolate=True, lineColor=array([0., 0., 0.]), lineColorSpace='rgb', lineRGB=array([0., 0., 0.]), lineWidth=1.0, name='polygon_3', opacity=1.0, ori=0.0, pos=array([0., 0.]), size=array([0.05, 0.05]), units='height', vertices=ndarray(...), win=Window(...), windingRule=None)
102.3220 	EXP 	text_2: autoDraw = True
279.9681 	EXP 	window1: mouseVisible = True
