31.8405 	WARNING 	User requested fullscreen with size [1536  864], but screen is actually [1920, 1080]. Using actual size
32.7094 	EXP 	Created window1 = Window(allowGUI=True, allowStencil=False, autoLog=True, backendConf=UNKNOWN, backgroundFit=<method-wrapper '__getattribute__' of attributeSetter object at 0x000001D154CC5910>, backgroundImage=<method-wrapper '__getattribute__' of attributeSetter object at 0x000001D154CC58B0>, bitsMode=UNKNOWN, blendMode='avg', bpc=(8, 8, 8), color=array([0, 0, 0]), colorSpace='rgb', depthBits=8, fullscr=<method-wrapper '__getattribute__' of attributeSetter object at 0x000001D154CC5700>, gamma=None, gammaErrorPolicy='raise', infoMsg=UNKNOWN, lms=UNKNOWN, monitor=<psychopy.monitors.calibTools.Monitor object at 0x000001D1620687F0>, multiSample=False, name='window1', numSamples=2, pos=(0, 0), screen=0, size=array([1920, 1080]), stencilBits=0, stereo=False, title='PsychoPy', units='height', useFBO=True, useRetina=False, viewOri=0.0, viewPos=None, viewScale=None, waitBlanking=True, winType='pyglet')
32.7095 	EXP 	window1: mouseVisible = True
32.7095 	EXP 	window1: backgroundImage = None
32.7095 	EXP 	window1: backgroundFit = 'cover'
32.7097 	EXP 	window1: mouseVisible = False
32.7118 	EXP 	window1: Attempting to measure frame rate of screen (0) ...
32.7118 	EXP 	window1: recordFrameIntervals = False
32.8761 	EXP 	window1: recordFrameIntervals = True
33.0591 	EXP 	Screen (0) actual frame rate measured at 60.08Hz
33.0591 	EXP 	window1: recordFrameIntervals = False
37.5436 	EXP 	window1: mouseVisible = True
37.6407 	EXP 	Created text_2 = TextStim(__class__=<class 'psychopy.visual.text.TextStim'>, alignHoriz=method-wrapper(...), alignText='center', alignVert=method-wrapper(...), anchorHoriz='center', anchorVert='center', antialias=True, autoDraw=False, autoLog=True, bold=False, color=array([1., 1., 1.]), colorSpace='rgb', contrast=1.0, depth=0.0, draggable=False, flipHoriz=False, flipVert=False, font='Open Sans', fontFiles=[], height=0.05, italic=False, languageStyle='LTR', name='text_2', opacity=1.0, ori=0.0, pos=array([0., 0.]), rgb=UNKNOWN, text='Press spacebar to start the experiment\n\n', units='height', win=Window(...), wrapWidth=1)
42.1767 	EXP 	window1: mouseVisible = True
42.1925 	EXP 	Created GA = GratingStim(__class__=<class 'psychopy.visual.grating.GratingStim'>, anchor='center', autoDraw=False, autoLog=True, blendmode='avg', color=array([1., 1., 1.]), colorSpace='rgb', contrast=1.0, depth=-2.0, draggable=False, interpolate=True, mask='sqr', maskParams=None, name='GA', opacity=1.0, ori=0.0, phase=array([0., 0.]), pos=array([0., 0.]), rgbPedestal=array([0., 0., 0.]), sf=array([1., 1.]), size=array([128.,  32.]), tex='sqr', texRes=512.0, units='deg', win=Window(...))
42.1926 	EXP 	window1: mouseVisible = True
42.2100 	EXP 	Created GA = GratingStim(__class__=<class 'psychopy.visual.grating.GratingStim'>, anchor='center', autoDraw=False, autoLog=True, blendmode='avg', color=array([1., 1., 1.]), colorSpace='rgb', contrast=1.0, depth=-2.0, draggable=False, interpolate=True, mask='sqr', maskParams=None, name='GA', opacity=1.0, ori=0.0, phase=array([0., 0.]), pos=array([0., 0.]), rgbPedestal=array([0., 0., 0.]), sf=array([1., 1.]), size=array([32., 16.]), tex='sqr', texRes=512.0, units='deg', win=Window(...))
42.2101 	EXP 	window1: mouseVisible = True
42.2114 	EXP 	Created text_3 = TextStim(__class__=<class 'psychopy.visual.text.TextStim'>, alignHoriz=method-wrapper(...), alignText='center', alignVert=method-wrapper(...), anchorHoriz='center', anchorVert='center', antialias=True, autoDraw=False, autoLog=True, bold=False, color=array([1., 1., 1.]), colorSpace='rgb', contrast=1.0, depth=-4.0, draggable=False, flipHoriz=False, flipVert=False, font='Open Sans', fontFiles=[], height=0.05, italic=False, languageStyle='LTR', name='text_3', opacity=1.0, ori=0.0, pos=array([0.   , 0.125]), rgb=UNKNOWN, text='', units='height', win=Window(...), wrapWidth=1)
42.2115 	EXP 	window1: mouseVisible = True
42.2127 	EXP 	Created text_4 = TextStim(__class__=<class 'psychopy.visual.text.TextStim'>, alignHoriz=method-wrapper(...), alignText='center', alignVert=method-wrapper(...), anchorHoriz='center', anchorVert='center', antialias=True, autoDraw=False, autoLog=True, bold=False, color=array([1., 1., 1.]), colorSpace='rgb', contrast=1.0, depth=-3.0, draggable=False, flipHoriz=False, flipVert=False, font='Open Sans', fontFiles=[], height=0.05, italic=False, languageStyle='LTR', name='text_4', opacity=1.0, ori=0.0, pos=array([0.   , 0.125]), rgb=UNKNOWN, text='', units='height', win=Window(...), wrapWidth=1)
42.2128 	EXP 	window1: mouseVisible = True
42.2158 	EXP 	Created polygon_3 = ShapeStim(__class__=<class 'psychopy.visual.shape.ShapeStim'>, anchor=('center', 'center'), autoDraw=False, autoLog=True, closeShape=True, color=method-wrapper(...), colorSpace='rgb', contrast=None, depth=0.0, draggable=False, fillColor=array([0., 0., 0.]), fillColorSpace='rgb', fillRGB=array([0., 0., 0.]), interpolate=True, lineColor=array([0., 0., 0.]), lineColorSpace='rgb', lineRGB=array([0., 0., 0.]), lineWidth=1.0, name='polygon_3', opacity=1.0, ori=0.0, pos=array([0., 0.]), size=array([0.05, 0.05]), units='height', vertices=ndarray(...), win=Window(...), windingRule=None)
42.2245 	EXP 	text_2: autoDraw = True
43.7234 	EXP 	Created sequence: random, trialTypes=1, nReps=20, seed=None
43.7236 	EXP 	New trial (rep=0, index=0): None
43.7243 	EXP 	Created sequence: random, trialTypes=1, nReps=1, seed=None
43.7244 	EXP 	New trial (rep=0, index=0): None
47.4083 	DATA 	Keypress: space
47.4252 	EXP 	text_2: autoDraw = False
47.4252 	EXP 	GA: sf = array([1., 1.])
47.4252 	EXP 	GA: sf = array([1., 1.])
47.4252 	EXP 	GA: phase = array([0.7525, 0.7525])
47.4252 	EXP 	text_3: height = 0.05
47.4252 	EXP 	text_3: height = 0.05
47.4252 	EXP 	text_3: height = 0.05
47.4252 	EXP 	text_3: text = 'Spatial frequency: 1.000\nContrast: 1.000\nPhase: 0.752'
47.4252 	EXP 	text_4: height = 0.05
47.4252 	EXP 	text_4: height = 0.05
47.4252 	EXP 	text_4: height = 0.05
47.4252 	EXP 	text_4: text = 'Spatial frequency: 1.000\nContrast: 1.000\nPhase: 0.752'
47.4252 	EXP 	GA: autoDraw = True
47.4252 	EXP 	GA: autoDraw = True
47.4252 	EXP 	text_4: autoDraw = True
47.4252 	EXP 	GA: tex = 'sqr'
47.4252 	EXP 	GA: tex = 'sqr'
50.4253 	EXP 	GA: autoDraw = False
50.4253 	EXP 	GA: autoDraw = False
50.4253 	EXP 	text_4: autoDraw = False
50.4253 	EXP 	GA: autoDraw = False
50.4253 	EXP 	GA: autoDraw = False
50.4253 	EXP 	text_4: autoDraw = False
50.4253 	EXP 	polygon_3: autoDraw = True
50.9090 	EXP 	New trial (rep=1, index=0): None
50.9096 	EXP 	Created sequence: random, trialTypes=1, nReps=1, seed=None
50.9097 	EXP 	New trial (rep=0, index=0): None
54.3089 	EXP 	polygon_3: autoDraw = False
54.3089 	EXP 	polygon_3: autoDraw = False
54.3089 	EXP 	GA: sf = array([1., 1.])
54.3089 	EXP 	GA: sf = array([1., 1.])
54.3089 	EXP 	GA: phase = array([0.2575, 0.2575])
54.3089 	EXP 	text_3: height = 0.05
54.3089 	EXP 	text_3: height = 0.05
54.3089 	EXP 	text_3: height = 0.05
54.3089 	EXP 	text_3: text = 'Spatial frequency: 1.000\nContrast: 1.000\nPhase: 0.258'
54.3089 	EXP 	text_4: height = 0.05
54.3089 	EXP 	text_4: height = 0.05
54.3089 	EXP 	text_4: height = 0.05
54.3089 	EXP 	text_4: text = 'Spatial frequency: 1.000\nContrast: 1.000\nPhase: 0.258'
54.3089 	EXP 	GA: autoDraw = True
54.3089 	EXP 	GA: autoDraw = True
54.3089 	EXP 	text_4: autoDraw = True
57.3080 	EXP 	GA: autoDraw = False
57.3080 	EXP 	GA: autoDraw = False
57.3080 	EXP 	text_4: autoDraw = False
57.3080 	EXP 	GA: autoDraw = False
57.3080 	EXP 	GA: autoDraw = False
57.3080 	EXP 	text_4: autoDraw = False
57.3080 	EXP 	polygon_3: autoDraw = True
57.7938 	EXP 	New trial (rep=2, index=0): None
57.7944 	EXP 	Created sequence: random, trialTypes=1, nReps=1, seed=None
57.7945 	EXP 	New trial (rep=0, index=0): None
61.0595 	EXP 	polygon_3: autoDraw = False
61.0595 	EXP 	polygon_3: autoDraw = False
61.0595 	EXP 	GA: sf = array([1., 1.])
61.0595 	EXP 	GA: sf = array([1., 1.])
61.0595 	EXP 	GA: phase = array([0.7525, 0.7525])
61.0595 	EXP 	text_3: height = 0.05
61.0595 	EXP 	text_3: height = 0.05
61.0595 	EXP 	text_3: height = 0.05
61.0595 	EXP 	text_3: text = 'Spatial frequency: 1.000\nContrast: 1.000\nPhase: 0.752'
61.0595 	EXP 	text_4: height = 0.05
61.0595 	EXP 	text_4: height = 0.05
61.0595 	EXP 	text_4: height = 0.05
61.0595 	EXP 	text_4: text = 'Spatial frequency: 1.000\nContrast: 1.000\nPhase: 0.752'
61.0595 	EXP 	GA: autoDraw = True
61.0595 	EXP 	GA: autoDraw = True
61.0595 	EXP 	text_4: autoDraw = True
64.0587 	EXP 	GA: autoDraw = False
64.0587 	EXP 	GA: autoDraw = False
64.0587 	EXP 	text_4: autoDraw = False
64.0587 	EXP 	GA: autoDraw = False
64.0587 	EXP 	GA: autoDraw = False
64.0587 	EXP 	text_4: autoDraw = False
64.0587 	EXP 	polygon_3: autoDraw = True
64.5430 	EXP 	New trial (rep=3, index=0): None
64.5439 	EXP 	Created sequence: random, trialTypes=1, nReps=1, seed=None
64.5440 	EXP 	New trial (rep=0, index=0): None
67.9420 	EXP 	polygon_3: autoDraw = False
67.9420 	EXP 	polygon_3: autoDraw = False
67.9420 	EXP 	GA: sf = array([1., 1.])
67.9420 	EXP 	GA: sf = array([1., 1.])
67.9420 	EXP 	GA: phase = array([0.505, 0.505])
67.9420 	EXP 	text_3: height = 0.05
67.9420 	EXP 	text_3: height = 0.05
67.9420 	EXP 	text_3: height = 0.05
67.9420 	EXP 	text_3: text = 'Spatial frequency: 1.000\nContrast: 1.000\nPhase: 0.505'
67.9420 	EXP 	text_4: height = 0.05
67.9420 	EXP 	text_4: height = 0.05
67.9420 	EXP 	text_4: height = 0.05
67.9420 	EXP 	text_4: text = 'Spatial frequency: 1.000\nContrast: 1.000\nPhase: 0.505'
67.9420 	EXP 	GA: autoDraw = True
67.9420 	EXP 	GA: autoDraw = True
67.9420 	EXP 	text_4: autoDraw = True
70.9419 	EXP 	GA: autoDraw = False
70.9419 	EXP 	GA: autoDraw = False
70.9419 	EXP 	text_4: autoDraw = False
70.9419 	EXP 	GA: autoDraw = False
70.9419 	EXP 	GA: autoDraw = False
70.9419 	EXP 	text_4: autoDraw = False
70.9419 	EXP 	polygon_3: autoDraw = True
71.4264 	EXP 	New trial (rep=4, index=0): None
71.4270 	EXP 	Created sequence: random, trialTypes=1, nReps=1, seed=None
71.4271 	EXP 	New trial (rep=0, index=0): None
74.8750 	EXP 	polygon_3: autoDraw = False
74.8750 	EXP 	polygon_3: autoDraw = False
74.8750 	EXP 	GA: sf = array([1., 1.])
74.8750 	EXP 	GA: sf = array([1., 1.])
74.8750 	EXP 	GA: phase = array([0.7525, 0.7525])
74.8750 	EXP 	text_3: height = 0.05
74.8750 	EXP 	text_3: height = 0.05
74.8750 	EXP 	text_3: height = 0.05
74.8750 	EXP 	text_3: text = 'Spatial frequency: 1.000\nContrast: 1.000\nPhase: 0.752'
74.8750 	EXP 	text_4: height = 0.05
74.8750 	EXP 	text_4: height = 0.05
74.8750 	EXP 	text_4: height = 0.05
74.8750 	EXP 	text_4: text = 'Spatial frequency: 1.000\nContrast: 1.000\nPhase: 0.752'
74.8750 	EXP 	GA: autoDraw = True
74.8750 	EXP 	GA: autoDraw = True
74.8750 	EXP 	text_4: autoDraw = True
77.8750 	EXP 	GA: autoDraw = False
77.8750 	EXP 	GA: autoDraw = False
77.8750 	EXP 	text_4: autoDraw = False
77.8750 	EXP 	GA: autoDraw = False
77.8750 	EXP 	GA: autoDraw = False
77.8750 	EXP 	text_4: autoDraw = False
77.8750 	EXP 	polygon_3: autoDraw = True
78.3597 	EXP 	New trial (rep=5, index=0): None
78.3604 	EXP 	Created sequence: random, trialTypes=1, nReps=1, seed=None
78.3605 	EXP 	New trial (rep=0, index=0): None
81.6418 	EXP 	polygon_3: autoDraw = False
81.6418 	EXP 	polygon_3: autoDraw = False
81.6418 	EXP 	GA: sf = array([1., 1.])
81.6418 	EXP 	GA: sf = array([1., 1.])
81.6418 	EXP 	GA: phase = array([1., 1.])
81.6418 	EXP 	text_3: height = 0.05
81.6418 	EXP 	text_3: height = 0.05
81.6418 	EXP 	text_3: height = 0.05
81.6418 	EXP 	text_3: text = 'Spatial frequency: 1.000\nContrast: 1.000\nPhase: 1.000'
81.6418 	EXP 	text_4: height = 0.05
81.6418 	EXP 	text_4: height = 0.05
81.6418 	EXP 	text_4: height = 0.05
81.6418 	EXP 	text_4: text = 'Spatial frequency: 1.000\nContrast: 1.000\nPhase: 1.000'
81.6418 	EXP 	GA: autoDraw = True
81.6418 	EXP 	GA: autoDraw = True
81.6418 	EXP 	text_4: autoDraw = True
84.6419 	EXP 	GA: autoDraw = False
84.6419 	EXP 	GA: autoDraw = False
84.6419 	EXP 	text_4: autoDraw = False
84.6419 	EXP 	GA: autoDraw = False
84.6419 	EXP 	GA: autoDraw = False
84.6419 	EXP 	text_4: autoDraw = False
84.6419 	EXP 	polygon_3: autoDraw = True
85.1267 	EXP 	New trial (rep=6, index=0): None
85.1277 	EXP 	Created sequence: random, trialTypes=1, nReps=1, seed=None
85.1279 	EXP 	New trial (rep=0, index=0): None
88.4253 	EXP 	polygon_3: autoDraw = False
88.4253 	EXP 	polygon_3: autoDraw = False
88.4253 	EXP 	GA: sf = array([1., 1.])
88.4253 	EXP 	GA: sf = array([1., 1.])
88.4253 	EXP 	GA: phase = array([1., 1.])
88.4253 	EXP 	text_3: text = 'Spatial frequency: 1.000\nContrast: 1.000\nPhase: 1.000'
88.4253 	EXP 	text_4: text = 'Spatial frequency: 1.000\nContrast: 1.000\nPhase: 1.000'
88.4253 	EXP 	GA: autoDraw = True
88.4253 	EXP 	GA: autoDraw = True
88.4253 	EXP 	text_4: autoDraw = True
91.4250 	EXP 	GA: autoDraw = False
91.4250 	EXP 	GA: autoDraw = False
91.4250 	EXP 	text_4: autoDraw = False
91.4250 	EXP 	GA: autoDraw = False
91.4250 	EXP 	GA: autoDraw = False
91.4250 	EXP 	text_4: autoDraw = False
91.4250 	EXP 	polygon_3: autoDraw = True
91.9104 	EXP 	New trial (rep=7, index=0): None
91.9113 	EXP 	Created sequence: random, trialTypes=1, nReps=1, seed=None
91.9114 	EXP 	New trial (rep=0, index=0): None
95.2096 	EXP 	polygon_3: autoDraw = False
95.2096 	EXP 	GA: sf = array([1., 1.])
95.2096 	EXP 	GA: sf = array([1., 1.])
95.2096 	EXP 	GA: phase = array([0.2575, 0.2575])
95.2096 	EXP 	text_3: height = 0.05
95.2096 	EXP 	text_3: height = 0.05
95.2096 	EXP 	text_3: height = 0.05
95.2096 	EXP 	text_3: text = 'Spatial frequency: 1.000\nContrast: 1.000\nPhase: 0.258'
95.2096 	EXP 	text_4: height = 0.05
95.2096 	EXP 	text_4: height = 0.05
95.2096 	EXP 	text_4: height = 0.05
95.2096 	EXP 	text_4: text = 'Spatial frequency: 1.000\nContrast: 1.000\nPhase: 0.258'
95.2096 	EXP 	GA: autoDraw = True
95.2096 	EXP 	GA: autoDraw = True
95.2096 	EXP 	text_4: autoDraw = True
98.2251 	EXP 	GA: autoDraw = False
98.2251 	EXP 	GA: autoDraw = False
98.2251 	EXP 	text_4: autoDraw = False
98.2251 	EXP 	GA: autoDraw = False
98.2251 	EXP 	GA: autoDraw = False
98.2251 	EXP 	text_4: autoDraw = False
98.2251 	EXP 	polygon_3: autoDraw = True
98.7110 	EXP 	New trial (rep=8, index=0): None
98.7121 	EXP 	Created sequence: random, trialTypes=1, nReps=1, seed=None
98.7124 	EXP 	New trial (rep=0, index=0): None
101.9749 	EXP 	polygon_3: autoDraw = False
101.9749 	EXP 	polygon_3: autoDraw = False
101.9749 	EXP 	GA: sf = array([1., 1.])
101.9749 	EXP 	GA: sf = array([1., 1.])
101.9749 	EXP 	GA: phase = array([0.505, 0.505])
101.9749 	EXP 	text_3: height = 0.05
101.9749 	EXP 	text_3: height = 0.05
101.9749 	EXP 	text_3: height = 0.05
101.9749 	EXP 	text_3: text = 'Spatial frequency: 1.000\nContrast: 1.000\nPhase: 0.505'
101.9749 	EXP 	text_4: height = 0.05
101.9749 	EXP 	text_4: height = 0.05
101.9749 	EXP 	text_4: height = 0.05
101.9749 	EXP 	text_4: text = 'Spatial frequency: 1.000\nContrast: 1.000\nPhase: 0.505'
101.9749 	EXP 	GA: autoDraw = True
101.9749 	EXP 	GA: autoDraw = True
101.9749 	EXP 	text_4: autoDraw = True
104.9759 	EXP 	GA: autoDraw = False
104.9759 	EXP 	GA: autoDraw = False
104.9759 	EXP 	text_4: autoDraw = False
104.9759 	EXP 	GA: autoDraw = False
104.9759 	EXP 	GA: autoDraw = False
104.9759 	EXP 	text_4: autoDraw = False
104.9759 	EXP 	polygon_3: autoDraw = True
105.4596 	EXP 	New trial (rep=9, index=0): None
105.4602 	EXP 	Created sequence: random, trialTypes=1, nReps=1, seed=None
105.4603 	EXP 	New trial (rep=0, index=0): None
108.8420 	EXP 	polygon_3: autoDraw = False
108.8420 	EXP 	polygon_3: autoDraw = False
108.8420 	EXP 	GA: sf = array([1., 1.])
108.8420 	EXP 	GA: sf = array([1., 1.])
108.8420 	EXP 	GA: phase = array([0.505, 0.505])
108.8420 	EXP 	text_3: text = 'Spatial frequency: 1.000\nContrast: 1.000\nPhase: 0.505'
108.8420 	EXP 	text_4: text = 'Spatial frequency: 1.000\nContrast: 1.000\nPhase: 0.505'
108.8420 	EXP 	GA: autoDraw = True
108.8420 	EXP 	GA: autoDraw = True
108.8420 	EXP 	text_4: autoDraw = True
111.8419 	EXP 	GA: autoDraw = False
111.8419 	EXP 	GA: autoDraw = False
111.8419 	EXP 	text_4: autoDraw = False
111.8419 	EXP 	GA: autoDraw = False
111.8419 	EXP 	GA: autoDraw = False
111.8419 	EXP 	text_4: autoDraw = False
111.8419 	EXP 	polygon_3: autoDraw = True
112.3265 	EXP 	New trial (rep=10, index=0): None
112.3274 	EXP 	Created sequence: random, trialTypes=1, nReps=1, seed=None
112.3278 	EXP 	New trial (rep=0, index=0): None
115.6581 	EXP 	polygon_3: autoDraw = False
115.6581 	EXP 	polygon_3: autoDraw = False
115.6581 	EXP 	GA: sf = array([1., 1.])
115.6581 	EXP 	GA: sf = array([1., 1.])
115.6581 	EXP 	GA: phase = array([0.7525, 0.7525])
115.6581 	EXP 	text_3: height = 0.05
115.6581 	EXP 	text_3: height = 0.05
115.6581 	EXP 	text_3: height = 0.05
115.6581 	EXP 	text_3: text = 'Spatial frequency: 1.000\nContrast: 1.000\nPhase: 0.752'
115.6581 	EXP 	text_4: height = 0.05
115.6581 	EXP 	text_4: height = 0.05
115.6581 	EXP 	text_4: height = 0.05
115.6581 	EXP 	text_4: text = 'Spatial frequency: 1.000\nContrast: 1.000\nPhase: 0.752'
115.6581 	EXP 	GA: autoDraw = True
115.6581 	EXP 	GA: autoDraw = True
115.6581 	EXP 	text_4: autoDraw = True
118.6588 	EXP 	GA: autoDraw = False
118.6588 	EXP 	GA: autoDraw = False
118.6588 	EXP 	text_4: autoDraw = False
118.6588 	EXP 	GA: autoDraw = False
118.6588 	EXP 	GA: autoDraw = False
118.6588 	EXP 	text_4: autoDraw = False
118.6588 	EXP 	polygon_3: autoDraw = True
119.1428 	EXP 	New trial (rep=11, index=0): None
119.1439 	EXP 	Created sequence: random, trialTypes=1, nReps=1, seed=None
119.1442 	EXP 	New trial (rep=0, index=0): None
122.4424 	EXP 	polygon_3: autoDraw = False
122.4424 	EXP 	polygon_3: autoDraw = False
122.4424 	EXP 	GA: sf = array([1., 1.])
122.4424 	EXP 	GA: sf = array([1., 1.])
122.4424 	EXP 	GA: phase = array([0.505, 0.505])
122.4424 	EXP 	text_3: height = 0.05
122.4424 	EXP 	text_3: height = 0.05
122.4424 	EXP 	text_3: height = 0.05
122.4424 	EXP 	text_3: text = 'Spatial frequency: 1.000\nContrast: 1.000\nPhase: 0.505'
122.4424 	EXP 	text_4: height = 0.05
122.4424 	EXP 	text_4: height = 0.05
122.4424 	EXP 	text_4: height = 0.05
122.4424 	EXP 	text_4: text = 'Spatial frequency: 1.000\nContrast: 1.000\nPhase: 0.505'
122.4424 	EXP 	GA: autoDraw = True
122.4424 	EXP 	GA: autoDraw = True
122.4424 	EXP 	text_4: autoDraw = True
125.4419 	EXP 	GA: autoDraw = False
125.4419 	EXP 	GA: autoDraw = False
125.4419 	EXP 	text_4: autoDraw = False
125.4419 	EXP 	GA: autoDraw = False
125.4419 	EXP 	GA: autoDraw = False
125.4419 	EXP 	text_4: autoDraw = False
125.4419 	EXP 	polygon_3: autoDraw = True
125.9262 	EXP 	New trial (rep=12, index=0): None
125.9272 	EXP 	Created sequence: random, trialTypes=1, nReps=1, seed=None
125.9275 	EXP 	New trial (rep=0, index=0): None
129.3417 	EXP 	polygon_3: autoDraw = False
129.3417 	EXP 	polygon_3: autoDraw = False
129.3417 	EXP 	GA: sf = array([1., 1.])
129.3417 	EXP 	GA: sf = array([1., 1.])
129.3417 	EXP 	GA: phase = array([0.2575, 0.2575])
129.3417 	EXP 	text_3: height = 0.05
129.3417 	EXP 	text_3: height = 0.05
129.3417 	EXP 	text_3: height = 0.05
129.3417 	EXP 	text_3: text = 'Spatial frequency: 1.000\nContrast: 1.000\nPhase: 0.258'
129.3417 	EXP 	text_4: height = 0.05
129.3417 	EXP 	text_4: height = 0.05
129.3417 	EXP 	text_4: height = 0.05
129.3417 	EXP 	text_4: text = 'Spatial frequency: 1.000\nContrast: 1.000\nPhase: 0.258'
129.3417 	EXP 	GA: autoDraw = True
129.3417 	EXP 	GA: autoDraw = True
129.3417 	EXP 	text_4: autoDraw = True
132.3417 	EXP 	GA: autoDraw = False
132.3417 	EXP 	GA: autoDraw = False
132.3417 	EXP 	text_4: autoDraw = False
132.3417 	EXP 	GA: autoDraw = False
132.3417 	EXP 	GA: autoDraw = False
132.3417 	EXP 	text_4: autoDraw = False
132.3417 	EXP 	polygon_3: autoDraw = True
132.8263 	EXP 	New trial (rep=13, index=0): None
132.8269 	EXP 	Created sequence: random, trialTypes=1, nReps=1, seed=None
132.8270 	EXP 	New trial (rep=0, index=0): None
136.1914 	EXP 	polygon_3: autoDraw = False
136.1914 	EXP 	polygon_3: autoDraw = False
136.1914 	EXP 	GA: sf = array([1., 1.])
136.1914 	EXP 	GA: sf = array([1., 1.])
136.1914 	EXP 	GA: phase = array([0.01, 0.01])
136.1914 	EXP 	text_3: height = 0.05
136.1914 	EXP 	text_3: height = 0.05
136.1914 	EXP 	text_3: height = 0.05
136.1914 	EXP 	text_3: text = 'Spatial frequency: 1.000\nContrast: 1.000\nPhase: 0.010'
136.1914 	EXP 	text_4: height = 0.05
136.1914 	EXP 	text_4: height = 0.05
136.1914 	EXP 	text_4: height = 0.05
136.1914 	EXP 	text_4: text = 'Spatial frequency: 1.000\nContrast: 1.000\nPhase: 0.010'
136.1914 	EXP 	GA: autoDraw = True
136.1914 	EXP 	GA: autoDraw = True
136.1914 	EXP 	text_4: autoDraw = True
139.1924 	EXP 	GA: autoDraw = False
139.1924 	EXP 	GA: autoDraw = False
139.1924 	EXP 	text_4: autoDraw = False
139.1924 	EXP 	GA: autoDraw = False
139.1924 	EXP 	GA: autoDraw = False
139.1924 	EXP 	text_4: autoDraw = False
139.1924 	EXP 	polygon_3: autoDraw = True
139.6764 	EXP 	New trial (rep=14, index=0): None
139.6772 	EXP 	Created sequence: random, trialTypes=1, nReps=1, seed=None
139.6774 	EXP 	New trial (rep=0, index=0): None
142.9582 	EXP 	polygon_3: autoDraw = False
142.9582 	EXP 	polygon_3: autoDraw = False
142.9582 	EXP 	GA: sf = array([1., 1.])
142.9582 	EXP 	GA: sf = array([1., 1.])
142.9582 	EXP 	GA: phase = array([0.2575, 0.2575])
142.9582 	EXP 	text_3: height = 0.05
142.9582 	EXP 	text_3: height = 0.05
142.9582 	EXP 	text_3: height = 0.05
142.9582 	EXP 	text_3: text = 'Spatial frequency: 1.000\nContrast: 1.000\nPhase: 0.258'
142.9582 	EXP 	text_4: height = 0.05
142.9582 	EXP 	text_4: height = 0.05
142.9582 	EXP 	text_4: height = 0.05
142.9582 	EXP 	text_4: text = 'Spatial frequency: 1.000\nContrast: 1.000\nPhase: 0.258'
142.9582 	EXP 	GA: autoDraw = True
142.9582 	EXP 	GA: autoDraw = True
142.9582 	EXP 	text_4: autoDraw = True
145.9584 	EXP 	GA: autoDraw = False
145.9584 	EXP 	GA: autoDraw = False
145.9584 	EXP 	text_4: autoDraw = False
145.9584 	EXP 	GA: autoDraw = False
145.9584 	EXP 	GA: autoDraw = False
145.9584 	EXP 	text_4: autoDraw = False
145.9584 	EXP 	polygon_3: autoDraw = True
146.4431 	EXP 	New trial (rep=15, index=0): None
146.4439 	EXP 	Created sequence: random, trialTypes=1, nReps=1, seed=None
146.4440 	EXP 	New trial (rep=0, index=0): None
149.7746 	EXP 	polygon_3: autoDraw = False
149.7746 	EXP 	polygon_3: autoDraw = False
149.7746 	EXP 	GA: sf = array([1., 1.])
149.7746 	EXP 	GA: sf = array([1., 1.])
149.7746 	EXP 	GA: phase = array([0.01, 0.01])
149.7746 	EXP 	text_3: height = 0.05
149.7746 	EXP 	text_3: height = 0.05
149.7746 	EXP 	text_3: height = 0.05
149.7746 	EXP 	text_3: text = 'Spatial frequency: 1.000\nContrast: 1.000\nPhase: 0.010'
149.7746 	EXP 	text_4: height = 0.05
149.7746 	EXP 	text_4: height = 0.05
149.7746 	EXP 	text_4: height = 0.05
149.7746 	EXP 	text_4: text = 'Spatial frequency: 1.000\nContrast: 1.000\nPhase: 0.010'
149.7746 	EXP 	GA: autoDraw = True
149.7746 	EXP 	GA: autoDraw = True
149.7746 	EXP 	text_4: autoDraw = True
152.7751 	EXP 	GA: autoDraw = False
152.7751 	EXP 	GA: autoDraw = False
152.7751 	EXP 	text_4: autoDraw = False
152.7751 	EXP 	GA: autoDraw = False
152.7751 	EXP 	GA: autoDraw = False
152.7751 	EXP 	text_4: autoDraw = False
152.7751 	EXP 	polygon_3: autoDraw = True
153.2600 	EXP 	New trial (rep=16, index=0): None
153.2608 	EXP 	Created sequence: random, trialTypes=1, nReps=1, seed=None
153.2610 	EXP 	New trial (rep=0, index=0): None
156.5592 	EXP 	polygon_3: autoDraw = False
156.5592 	EXP 	polygon_3: autoDraw = False
156.5592 	EXP 	GA: sf = array([1., 1.])
156.5592 	EXP 	GA: sf = array([1., 1.])
156.5592 	EXP 	GA: phase = array([0.01, 0.01])
156.5592 	EXP 	text_3: text = 'Spatial frequency: 1.000\nContrast: 1.000\nPhase: 0.010'
156.5592 	EXP 	text_4: text = 'Spatial frequency: 1.000\nContrast: 1.000\nPhase: 0.010'
156.5592 	EXP 	GA: autoDraw = True
156.5592 	EXP 	GA: autoDraw = True
156.5592 	EXP 	text_4: autoDraw = True
159.5587 	EXP 	GA: autoDraw = False
159.5587 	EXP 	GA: autoDraw = False
159.5587 	EXP 	text_4: autoDraw = False
159.5587 	EXP 	GA: autoDraw = False
159.5587 	EXP 	GA: autoDraw = False
159.5587 	EXP 	text_4: autoDraw = False
159.5587 	EXP 	polygon_3: autoDraw = True
160.0432 	EXP 	New trial (rep=17, index=0): None
160.0439 	EXP 	Created sequence: random, trialTypes=1, nReps=1, seed=None
160.0441 	EXP 	New trial (rep=0, index=0): None
163.3076 	EXP 	polygon_3: autoDraw = False
163.3076 	EXP 	polygon_3: autoDraw = False
163.3076 	EXP 	GA: sf = array([1., 1.])
163.3076 	EXP 	GA: sf = array([1., 1.])
163.3076 	EXP 	GA: phase = array([0.01, 0.01])
163.3076 	EXP 	text_3: text = 'Spatial frequency: 1.000\nContrast: 1.000\nPhase: 0.010'
163.3076 	EXP 	text_4: text = 'Spatial frequency: 1.000\nContrast: 1.000\nPhase: 0.010'
163.3076 	EXP 	GA: autoDraw = True
163.3076 	EXP 	GA: autoDraw = True
163.3076 	EXP 	text_4: autoDraw = True
166.3084 	EXP 	GA: autoDraw = False
166.3084 	EXP 	GA: autoDraw = False
166.3084 	EXP 	text_4: autoDraw = False
166.3084 	EXP 	GA: autoDraw = False
166.3084 	EXP 	GA: autoDraw = False
166.3084 	EXP 	text_4: autoDraw = False
166.3084 	EXP 	polygon_3: autoDraw = True
166.7934 	EXP 	New trial (rep=18, index=0): None
166.7941 	EXP 	Created sequence: random, trialTypes=1, nReps=1, seed=None
166.7943 	EXP 	New trial (rep=0, index=0): None
170.4581 	EXP 	polygon_3: autoDraw = False
170.4581 	EXP 	polygon_3: autoDraw = False
170.4581 	EXP 	GA: sf = array([1., 1.])
170.4581 	EXP 	GA: sf = array([1., 1.])
170.4581 	EXP 	GA: phase = array([1., 1.])
170.4581 	EXP 	text_3: height = 0.05
170.4581 	EXP 	text_3: height = 0.05
170.4581 	EXP 	text_3: height = 0.05
170.4581 	EXP 	text_3: text = 'Spatial frequency: 1.000\nContrast: 1.000\nPhase: 1.000'
170.4581 	EXP 	text_4: height = 0.05
170.4581 	EXP 	text_4: height = 0.05
170.4581 	EXP 	text_4: height = 0.05
170.4581 	EXP 	text_4: text = 'Spatial frequency: 1.000\nContrast: 1.000\nPhase: 1.000'
170.4581 	EXP 	GA: autoDraw = True
170.4581 	EXP 	GA: autoDraw = True
170.4581 	EXP 	text_4: autoDraw = True
173.4594 	EXP 	GA: autoDraw = False
173.4594 	EXP 	GA: autoDraw = False
173.4594 	EXP 	text_4: autoDraw = False
173.4594 	EXP 	GA: autoDraw = False
173.4594 	EXP 	GA: autoDraw = False
173.4594 	EXP 	text_4: autoDraw = False
173.4594 	EXP 	polygon_3: autoDraw = True
173.9431 	EXP 	New trial (rep=19, index=0): None
173.9440 	EXP 	Created sequence: random, trialTypes=1, nReps=1, seed=None
173.9442 	EXP 	New trial (rep=0, index=0): None
177.2248 	EXP 	polygon_3: autoDraw = False
177.2248 	EXP 	polygon_3: autoDraw = False
177.2248 	EXP 	GA: sf = array([1., 1.])
177.2248 	EXP 	GA: sf = array([1., 1.])
177.2248 	EXP 	GA: phase = array([1., 1.])
177.2248 	EXP 	text_3: text = 'Spatial frequency: 1.000\nContrast: 1.000\nPhase: 1.000'
177.2248 	EXP 	text_4: text = 'Spatial frequency: 1.000\nContrast: 1.000\nPhase: 1.000'
177.2248 	EXP 	GA: autoDraw = True
177.2248 	EXP 	GA: autoDraw = True
177.2248 	EXP 	text_4: autoDraw = True
180.2252 	EXP 	GA: autoDraw = False
180.2252 	EXP 	GA: autoDraw = False
180.2252 	EXP 	text_4: autoDraw = False
180.2252 	EXP 	GA: autoDraw = False
180.2252 	EXP 	GA: autoDraw = False
180.2252 	EXP 	text_4: autoDraw = False
180.2252 	EXP 	polygon_3: autoDraw = True
180.7249 	EXP 	polygon_3: autoDraw = False
180.7249 	EXP 	polygon_3: autoDraw = False
181.2221 	EXP 	window1: mouseVisible = True
